*********************************
Time:2017-11-28 19:46:21
IP:127.0.0.1
Url:http://www.test.com/jy_Test/Retained/index
6
*********************************
*********************************
Time:2017-11-28 19:46:21
IP:127.0.0.1
Url:http://www.test.com/jy_Test/Retained/index
6
*********************************
*********************************
Time:2017-11-28 19:46:22
IP:127.0.0.1
Url:http://www.test.com/jy_Test/Retained/index
6
*********************************
*********************************
Time:2017-11-28 19:46:22
IP:127.0.0.1
Url:http://www.test.com/jy_Test/Retained/index
6
*********************************
*********************************
Time:2017-11-28 19:46:22
IP:127.0.0.1
Url:http://www.test.com/jy_Test/Retained/index
6
*********************************
*********************************
Time:2017-11-28 19:46:22
IP:127.0.0.1
Url:http://www.test.com/jy_Test/Retained/index
6
*********************************
*********************************
Time:2017-11-28 19:46:22
IP:127.0.0.1
Url:http://www.test.com/jy_Test/Retained/index
6
*********************************
*********************************
Time:2017-11-28 19:46:22
IP:127.0.0.1
Url:http://www.test.com/jy_Test/Retained/index
6
*********************************
*********************************
Time:2017-11-28 19:46:22
IP:127.0.0.1
Url:http://www.test.com/jy_Test/Retained/index
6
*********************************
*********************************
Time:2017-11-28 19:46:22
IP:127.0.0.1
Url:http://www.test.com/jy_Test/Retained/index
6
*********************************
*********************************
Time:2017-11-28 19:46:22
IP:127.0.0.1
Url:http://www.test.com/jy_Test/Retained/index
6
*********************************
*********************************
Time:2017-11-28 19:46:22
IP:127.0.0.1
Url:http://www.test.com/jy_Test/Retained/index
6
*********************************
*********************************
Time:2017-11-28 19:46:22
IP:127.0.0.1
Url:http://www.test.com/jy_Test/Retained/index
6
*********************************
*********************************
Time:2017-11-28 19:46:23
IP:127.0.0.1
Url:http://www.test.com/jy_Test/Retained/index
6
*********************************
*********************************
Time:2017-11-28 19:46:23
IP:127.0.0.1
Url:http://www.test.com/jy_Test/Retained/index
6
*********************************
*********************************
Time:2017-11-28 19:46:23
IP:127.0.0.1
Url:http://www.test.com/jy_Test/Retained/index
6
*********************************
*********************************
Time:2017-11-28 19:46:23
IP:127.0.0.1
Url:http://www.test.com/jy_Test/Retained/index
6
*********************************
*********************************
Time:2017-11-28 19:46:23
IP:127.0.0.1
Url:http://www.test.com/jy_Test/Retained/index
6
*********************************
*********************************
Time:2017-11-28 19:46:23
IP:127.0.0.1
Url:http://www.test.com/jy_Test/Retained/index
6
*********************************
*********************************
Time:2017-11-28 19:46:23
IP:127.0.0.1
Url:http://www.test.com/jy_Test/Retained/index
6
*********************************
*********************************
Time:2017-11-28 19:46:23
IP:127.0.0.1
Url:http://www.test.com/jy_Test/Retained/index
6
*********************************
*********************************
Time:2017-11-28 19:46:23
IP:127.0.0.1
Url:http://www.test.com/jy_Test/Retained/index
6
*********************************
*********************************
Time:2017-11-28 19:46:23
IP:127.0.0.1
Url:http://www.test.com/jy_Test/Retained/index
6
*********************************
*********************************
Time:2017-11-28 19:46:24
IP:127.0.0.1
Url:http://www.test.com/jy_Test/Retained/index
6
*********************************
*********************************
Time:2017-11-28 19:46:24
IP:127.0.0.1
Url:http://www.test.com/jy_Test/Retained/index
6
*********************************
*********************************
Time:2017-11-28 19:46:24
IP:127.0.0.1
Url:http://www.test.com/jy_Test/Retained/index
6
*********************************
*********************************
Time:2017-11-28 19:46:24
IP:127.0.0.1
Url:http://www.test.com/jy_Test/Retained/index
6
*********************************
*********************************
Time:2017-11-28 19:46:24
IP:127.0.0.1
Url:http://www.test.com/jy_Test/Retained/index
6
*********************************
*********************************
Time:2017-11-28 19:46:24
IP:127.0.0.1
Url:http://www.test.com/jy_Test/Retained/index
6
*********************************
*********************************
Time:2017-11-28 19:46:24
IP:127.0.0.1
Url:http://www.test.com/jy_Test/Retained/index
6
*********************************
*********************************
Time:2017-11-28 19:46:24
IP:127.0.0.1
Url:http://www.test.com/jy_Test/Retained/index
6
*********************************
*********************************
Time:2017-11-28 19:46:24
IP:127.0.0.1
Url:http://www.test.com/jy_Test/Retained/index
6
*********************************
*********************************
Time:2017-11-28 19:46:25
IP:127.0.0.1
Url:http://www.test.com/jy_Test/Retained/index
6
*********************************
*********************************
Time:2017-11-28 19:46:25
IP:127.0.0.1
Url:http://www.test.com/jy_Test/Retained/index
6
*********************************
*********************************
Time:2017-11-28 19:46:25
IP:127.0.0.1
Url:http://www.test.com/jy_Test/Retained/index
6
*********************************
*********************************
Time:2017-11-28 19:46:25
IP:127.0.0.1
Url:http://www.test.com/jy_Test/Retained/index
6
*********************************
*********************************
Time:2017-11-28 19:46:25
IP:127.0.0.1
Url:http://www.test.com/jy_Test/Retained/index
6
*********************************
*********************************
Time:2017-11-28 19:46:25
IP:127.0.0.1
Url:http://www.test.com/jy_Test/Retained/index
6
*********************************
*********************************
Time:2017-11-28 19:46:25
IP:127.0.0.1
Url:http://www.test.com/jy_Test/Retained/index
6
*********************************
*********************************
Time:2017-11-28 19:46:25
IP:127.0.0.1
Url:http://www.test.com/jy_Test/Retained/index
6
*********************************
*********************************
Time:2017-11-28 19:46:25
IP:127.0.0.1
Url:http://www.test.com/jy_Test/Retained/index
6
*********************************
*********************************
Time:2017-11-28 19:46:26
IP:127.0.0.1
Url:http://www.test.com/jy_Test/Retained/index
6
*********************************
*********************************
Time:2017-11-28 19:46:26
IP:127.0.0.1
Url:http://www.test.com/jy_Test/Retained/index
6
*********************************
*********************************
Time:2017-11-28 19:46:26
IP:127.0.0.1
Url:http://www.test.com/jy_Test/Retained/index
6
*********************************
*********************************
Time:2017-11-28 19:46:26
IP:127.0.0.1
Url:http://www.test.com/jy_Test/Retained/index
6
*********************************
*********************************
Time:2017-11-28 19:46:26
IP:127.0.0.1
Url:http://www.test.com/jy_Test/Retained/index
6
*********************************
*********************************
Time:2017-11-28 19:46:26
IP:127.0.0.1
Url:http://www.test.com/jy_Test/Retained/index
6
*********************************
*********************************
Time:2017-11-28 19:46:26
IP:127.0.0.1
Url:http://www.test.com/jy_Test/Retained/index
6
*********************************
*********************************
Time:2017-11-28 19:46:27
IP:127.0.0.1
Url:http://www.test.com/jy_Test/Retained/index
6
*********************************
*********************************
Time:2017-11-28 19:46:27
IP:127.0.0.1
Url:http://www.test.com/jy_Test/Retained/index
6
*********************************
*********************************
Time:2017-11-28 19:46:27
IP:127.0.0.1
Url:http://www.test.com/jy_Test/Retained/index
6
*********************************
*********************************
Time:2017-11-28 19:46:27
IP:127.0.0.1
Url:http://www.test.com/jy_Test/Retained/index
6
*********************************
*********************************
Time:2017-11-28 19:46:27
IP:127.0.0.1
Url:http://www.test.com/jy_Test/Retained/index
6
*********************************
*********************************
Time:2017-11-28 19:46:27
IP:127.0.0.1
Url:http://www.test.com/jy_Test/Retained/index
6
*********************************
*********************************
Time:2017-11-28 19:46:27
IP:127.0.0.1
Url:http://www.test.com/jy_Test/Retained/index
6
*********************************
*********************************
Time:2017-11-28 19:46:27
IP:127.0.0.1
Url:http://www.test.com/jy_Test/Retained/index
6
*********************************
*********************************
Time:2017-11-28 19:46:27
IP:127.0.0.1
Url:http://www.test.com/jy_Test/Retained/index
6
*********************************
*********************************
Time:2017-11-28 19:46:27
IP:127.0.0.1
Url:http://www.test.com/jy_Test/Retained/index
6
*********************************
