*********************************
Time:2017-11-20 11:37:03
IP:127.0.0.1
Url:http://www.test.com/jy_script/Retained/index
6
*********************************
*********************************
Time:2017-11-20 11:37:03
IP:127.0.0.1
Url:http://www.test.com/jy_script/Retained/index
6
*********************************
*********************************
Time:2017-11-20 11:37:03
IP:127.0.0.1
Url:http://www.test.com/jy_script/Retained/index
6
*********************************
*********************************
Time:2017-11-20 11:37:03
IP:127.0.0.1
Url:http://www.test.com/jy_script/Retained/index
6
*********************************
*********************************
Time:2017-11-20 11:37:03
IP:127.0.0.1
Url:http://www.test.com/jy_script/Retained/index
6
*********************************
*********************************
Time:2017-11-20 11:37:03
IP:127.0.0.1
Url:http://www.test.com/jy_script/Retained/index
6
*********************************
*********************************
Time:2017-11-20 11:37:04
IP:127.0.0.1
Url:http://www.test.com/jy_script/Retained/index
6
*********************************
*********************************
Time:2017-11-20 11:37:04
IP:127.0.0.1
Url:http://www.test.com/jy_script/Retained/index
6
*********************************
*********************************
Time:2017-11-20 11:37:04
IP:127.0.0.1
Url:http://www.test.com/jy_script/Retained/index
6
*********************************
*********************************
Time:2017-11-20 11:37:04
IP:127.0.0.1
Url:http://www.test.com/jy_script/Retained/index
6
*********************************
*********************************
Time:2017-11-20 11:37:04
IP:127.0.0.1
Url:http://www.test.com/jy_script/Retained/index
6
*********************************
*********************************
Time:2017-11-20 11:37:04
IP:127.0.0.1
Url:http://www.test.com/jy_script/Retained/index
6
*********************************
*********************************
Time:2017-11-20 11:37:04
IP:127.0.0.1
Url:http://www.test.com/jy_script/Retained/index
6
*********************************
*********************************
Time:2017-11-20 11:37:04
IP:127.0.0.1
Url:http://www.test.com/jy_script/Retained/index
6
*********************************
*********************************
Time:2017-11-20 11:37:04
IP:127.0.0.1
Url:http://www.test.com/jy_script/Retained/index
6
*********************************
*********************************
Time:2017-11-20 11:37:04
IP:127.0.0.1
Url:http://www.test.com/jy_script/Retained/index
6
*********************************
*********************************
Time:2017-11-20 11:37:04
IP:127.0.0.1
Url:http://www.test.com/jy_script/Retained/index
6
*********************************
*********************************
Time:2017-11-20 11:37:05
IP:127.0.0.1
Url:http://www.test.com/jy_script/Retained/index
6
*********************************
*********************************
Time:2017-11-20 11:37:05
IP:127.0.0.1
Url:http://www.test.com/jy_script/Retained/index
6
*********************************
*********************************
Time:2017-11-20 11:37:05
IP:127.0.0.1
Url:http://www.test.com/jy_script/Retained/index
6
*********************************
*********************************
Time:2017-11-20 11:37:05
IP:127.0.0.1
Url:http://www.test.com/jy_script/Retained/index
6
*********************************
*********************************
Time:2017-11-20 11:37:05
IP:127.0.0.1
Url:http://www.test.com/jy_script/Retained/index
6
*********************************
*********************************
Time:2017-11-20 11:37:05
IP:127.0.0.1
Url:http://www.test.com/jy_script/Retained/index
6
*********************************
*********************************
Time:2017-11-20 11:37:05
IP:127.0.0.1
Url:http://www.test.com/jy_script/Retained/index
6
*********************************
*********************************
Time:2017-11-20 11:37:05
IP:127.0.0.1
Url:http://www.test.com/jy_script/Retained/index
6
*********************************
*********************************
Time:2017-11-20 11:37:05
IP:127.0.0.1
Url:http://www.test.com/jy_script/Retained/index
6
*********************************
*********************************
Time:2017-11-20 11:37:05
IP:127.0.0.1
Url:http://www.test.com/jy_script/Retained/index
6
*********************************
*********************************
Time:2017-11-20 11:37:06
IP:127.0.0.1
Url:http://www.test.com/jy_script/Retained/index
6
*********************************
*********************************
Time:2017-11-20 11:37:06
IP:127.0.0.1
Url:http://www.test.com/jy_script/Retained/index
6
*********************************
*********************************
Time:2017-11-20 11:37:06
IP:127.0.0.1
Url:http://www.test.com/jy_script/Retained/index
6
*********************************
*********************************
Time:2017-11-20 11:37:06
IP:127.0.0.1
Url:http://www.test.com/jy_script/Retained/index
6
*********************************
*********************************
Time:2017-11-20 11:37:06
IP:127.0.0.1
Url:http://www.test.com/jy_script/Retained/index
6
*********************************
*********************************
Time:2017-11-20 11:37:06
IP:127.0.0.1
Url:http://www.test.com/jy_script/Retained/index
6
*********************************
*********************************
Time:2017-11-20 11:37:06
IP:127.0.0.1
Url:http://www.test.com/jy_script/Retained/index
6
*********************************
*********************************
Time:2017-11-20 11:37:07
IP:127.0.0.1
Url:http://www.test.com/jy_script/Retained/index
6
*********************************
*********************************
Time:2017-11-20 11:37:07
IP:127.0.0.1
Url:http://www.test.com/jy_script/Retained/index
6
*********************************
*********************************
Time:2017-11-20 11:37:07
IP:127.0.0.1
Url:http://www.test.com/jy_script/Retained/index
6
*********************************
*********************************
Time:2017-11-20 11:37:07
IP:127.0.0.1
Url:http://www.test.com/jy_script/Retained/index
6
*********************************
*********************************
Time:2017-11-20 11:37:07
IP:127.0.0.1
Url:http://www.test.com/jy_script/Retained/index
6
*********************************
*********************************
Time:2017-11-20 11:37:07
IP:127.0.0.1
Url:http://www.test.com/jy_script/Retained/index
6
*********************************
*********************************
Time:2017-11-20 11:37:07
IP:127.0.0.1
Url:http://www.test.com/jy_script/Retained/index
6
*********************************
*********************************
Time:2017-11-20 11:37:07
IP:127.0.0.1
Url:http://www.test.com/jy_script/Retained/index
6
*********************************
*********************************
Time:2017-11-20 11:37:07
IP:127.0.0.1
Url:http://www.test.com/jy_script/Retained/index
6
*********************************
*********************************
Time:2017-11-20 11:37:07
IP:127.0.0.1
Url:http://www.test.com/jy_script/Retained/index
6
*********************************
*********************************
Time:2017-11-20 11:37:08
IP:127.0.0.1
Url:http://www.test.com/jy_script/Retained/index
6
*********************************
*********************************
Time:2017-11-20 11:37:08
IP:127.0.0.1
Url:http://www.test.com/jy_script/Retained/index
6
*********************************
*********************************
Time:2017-11-20 11:37:08
IP:127.0.0.1
Url:http://www.test.com/jy_script/Retained/index
6
*********************************
*********************************
Time:2017-11-20 11:37:08
IP:127.0.0.1
Url:http://www.test.com/jy_script/Retained/index
6
*********************************
*********************************
Time:2017-11-20 11:37:08
IP:127.0.0.1
Url:http://www.test.com/jy_script/Retained/index
6
*********************************
*********************************
Time:2017-11-20 11:37:08
IP:127.0.0.1
Url:http://www.test.com/jy_script/Retained/index
6
*********************************
*********************************
Time:2017-11-20 11:38:23
IP:127.0.0.1
Url:http://www.test.com/jy_script/Retained/index
6
*********************************
*********************************
Time:2017-11-20 11:38:23
IP:127.0.0.1
Url:http://www.test.com/jy_script/Retained/index
6
*********************************
*********************************
Time:2017-11-20 11:38:23
IP:127.0.0.1
Url:http://www.test.com/jy_script/Retained/index
6
*********************************
*********************************
Time:2017-11-20 11:38:23
IP:127.0.0.1
Url:http://www.test.com/jy_script/Retained/index
6
*********************************
*********************************
Time:2017-11-20 11:38:23
IP:127.0.0.1
Url:http://www.test.com/jy_script/Retained/index
6
*********************************
*********************************
Time:2017-11-20 11:38:23
IP:127.0.0.1
Url:http://www.test.com/jy_script/Retained/index
6
*********************************
*********************************
Time:2017-11-20 11:38:23
IP:127.0.0.1
Url:http://www.test.com/jy_script/Retained/index
6
*********************************
*********************************
Time:2017-11-20 11:38:23
IP:127.0.0.1
Url:http://www.test.com/jy_script/Retained/index
6
*********************************
*********************************
Time:2017-11-20 11:38:24
IP:127.0.0.1
Url:http://www.test.com/jy_script/Retained/index
6
*********************************
*********************************
Time:2017-11-20 11:38:24
IP:127.0.0.1
Url:http://www.test.com/jy_script/Retained/index
6
*********************************
*********************************
Time:2017-11-20 11:38:24
IP:127.0.0.1
Url:http://www.test.com/jy_script/Retained/index
6
*********************************
*********************************
Time:2017-11-20 11:38:24
IP:127.0.0.1
Url:http://www.test.com/jy_script/Retained/index
6
*********************************
*********************************
Time:2017-11-20 11:38:24
IP:127.0.0.1
Url:http://www.test.com/jy_script/Retained/index
6
*********************************
*********************************
Time:2017-11-20 11:38:24
IP:127.0.0.1
Url:http://www.test.com/jy_script/Retained/index
6
*********************************
*********************************
Time:2017-11-20 11:38:24
IP:127.0.0.1
Url:http://www.test.com/jy_script/Retained/index
6
*********************************
*********************************
Time:2017-11-20 11:38:24
IP:127.0.0.1
Url:http://www.test.com/jy_script/Retained/index
6
*********************************
*********************************
Time:2017-11-20 11:38:24
IP:127.0.0.1
Url:http://www.test.com/jy_script/Retained/index
6
*********************************
*********************************
Time:2017-11-20 11:38:24
IP:127.0.0.1
Url:http://www.test.com/jy_script/Retained/index
6
*********************************
*********************************
Time:2017-11-20 11:38:24
IP:127.0.0.1
Url:http://www.test.com/jy_script/Retained/index
6
*********************************
*********************************
Time:2017-11-20 11:38:25
IP:127.0.0.1
Url:http://www.test.com/jy_script/Retained/index
6
*********************************
*********************************
Time:2017-11-20 11:38:25
IP:127.0.0.1
Url:http://www.test.com/jy_script/Retained/index
6
*********************************
*********************************
Time:2017-11-20 11:38:25
IP:127.0.0.1
Url:http://www.test.com/jy_script/Retained/index
6
*********************************
*********************************
Time:2017-11-20 11:38:25
IP:127.0.0.1
Url:http://www.test.com/jy_script/Retained/index
6
*********************************
*********************************
Time:2017-11-20 11:38:25
IP:127.0.0.1
Url:http://www.test.com/jy_script/Retained/index
6
*********************************
*********************************
Time:2017-11-20 11:38:25
IP:127.0.0.1
Url:http://www.test.com/jy_script/Retained/index
6
*********************************
*********************************
Time:2017-11-20 11:38:25
IP:127.0.0.1
Url:http://www.test.com/jy_script/Retained/index
6
*********************************
*********************************
Time:2017-11-20 11:38:25
IP:127.0.0.1
Url:http://www.test.com/jy_script/Retained/index
6
*********************************
*********************************
Time:2017-11-20 11:38:25
IP:127.0.0.1
Url:http://www.test.com/jy_script/Retained/index
6
*********************************
*********************************
Time:2017-11-20 11:38:26
IP:127.0.0.1
Url:http://www.test.com/jy_script/Retained/index
6
*********************************
*********************************
Time:2017-11-20 11:38:26
IP:127.0.0.1
Url:http://www.test.com/jy_script/Retained/index
6
*********************************
*********************************
Time:2017-11-20 11:38:26
IP:127.0.0.1
Url:http://www.test.com/jy_script/Retained/index
6
*********************************
*********************************
Time:2017-11-20 11:38:26
IP:127.0.0.1
Url:http://www.test.com/jy_script/Retained/index
6
*********************************
*********************************
Time:2017-11-20 11:38:26
IP:127.0.0.1
Url:http://www.test.com/jy_script/Retained/index
6
*********************************
*********************************
Time:2017-11-20 11:38:26
IP:127.0.0.1
Url:http://www.test.com/jy_script/Retained/index
6
*********************************
*********************************
Time:2017-11-20 11:38:27
IP:127.0.0.1
Url:http://www.test.com/jy_script/Retained/index
6
*********************************
*********************************
Time:2017-11-20 11:38:27
IP:127.0.0.1
Url:http://www.test.com/jy_script/Retained/index
6
*********************************
*********************************
Time:2017-11-20 11:38:27
IP:127.0.0.1
Url:http://www.test.com/jy_script/Retained/index
6
*********************************
*********************************
Time:2017-11-20 11:38:27
IP:127.0.0.1
Url:http://www.test.com/jy_script/Retained/index
6
*********************************
*********************************
Time:2017-11-20 11:38:27
IP:127.0.0.1
Url:http://www.test.com/jy_script/Retained/index
6
*********************************
*********************************
Time:2017-11-20 11:38:27
IP:127.0.0.1
Url:http://www.test.com/jy_script/Retained/index
6
*********************************
*********************************
Time:2017-11-20 11:38:27
IP:127.0.0.1
Url:http://www.test.com/jy_script/Retained/index
6
*********************************
*********************************
Time:2017-11-20 11:38:27
IP:127.0.0.1
Url:http://www.test.com/jy_script/Retained/index
6
*********************************
*********************************
Time:2017-11-20 11:38:27
IP:127.0.0.1
Url:http://www.test.com/jy_script/Retained/index
6
*********************************
*********************************
Time:2017-11-20 11:38:27
IP:127.0.0.1
Url:http://www.test.com/jy_script/Retained/index
6
*********************************
*********************************
Time:2017-11-20 11:38:28
IP:127.0.0.1
Url:http://www.test.com/jy_script/Retained/index
6
*********************************
*********************************
Time:2017-11-20 11:38:28
IP:127.0.0.1
Url:http://www.test.com/jy_script/Retained/index
6
*********************************
*********************************
Time:2017-11-20 11:38:28
IP:127.0.0.1
Url:http://www.test.com/jy_script/Retained/index
6
*********************************
*********************************
Time:2017-11-20 11:38:28
IP:127.0.0.1
Url:http://www.test.com/jy_script/Retained/index
6
*********************************
*********************************
Time:2017-11-20 11:38:28
IP:127.0.0.1
Url:http://www.test.com/jy_script/Retained/index
6
*********************************
*********************************
Time:2017-11-20 11:38:28
IP:127.0.0.1
Url:http://www.test.com/jy_script/Retained/index
6
*********************************
*********************************
Time:2017-11-20 14:04:23
IP:127.0.0.1
Url:http://www.test.com/jy_script/Retained/index
6
*********************************
*********************************
Time:2017-11-20 14:04:23
IP:127.0.0.1
Url:http://www.test.com/jy_script/Retained/index
6
*********************************
*********************************
Time:2017-11-20 14:04:23
IP:127.0.0.1
Url:http://www.test.com/jy_script/Retained/index
6
*********************************
*********************************
Time:2017-11-20 14:04:23
IP:127.0.0.1
Url:http://www.test.com/jy_script/Retained/index
6
*********************************
*********************************
Time:2017-11-20 14:04:23
IP:127.0.0.1
Url:http://www.test.com/jy_script/Retained/index
6
*********************************
*********************************
Time:2017-11-20 14:04:23
IP:127.0.0.1
Url:http://www.test.com/jy_script/Retained/index
6
*********************************
*********************************
Time:2017-11-20 14:04:24
IP:127.0.0.1
Url:http://www.test.com/jy_script/Retained/index
6
*********************************
*********************************
Time:2017-11-20 14:04:24
IP:127.0.0.1
Url:http://www.test.com/jy_script/Retained/index
6
*********************************
*********************************
Time:2017-11-20 14:04:24
IP:127.0.0.1
Url:http://www.test.com/jy_script/Retained/index
6
*********************************
*********************************
Time:2017-11-20 14:04:24
IP:127.0.0.1
Url:http://www.test.com/jy_script/Retained/index
6
*********************************
*********************************
Time:2017-11-20 14:04:24
IP:127.0.0.1
Url:http://www.test.com/jy_script/Retained/index
6
*********************************
*********************************
Time:2017-11-20 14:04:24
IP:127.0.0.1
Url:http://www.test.com/jy_script/Retained/index
6
*********************************
*********************************
Time:2017-11-20 14:04:24
IP:127.0.0.1
Url:http://www.test.com/jy_script/Retained/index
6
*********************************
*********************************
Time:2017-11-20 14:04:24
IP:127.0.0.1
Url:http://www.test.com/jy_script/Retained/index
6
*********************************
*********************************
Time:2017-11-20 14:04:24
IP:127.0.0.1
Url:http://www.test.com/jy_script/Retained/index
6
*********************************
*********************************
Time:2017-11-20 14:04:24
IP:127.0.0.1
Url:http://www.test.com/jy_script/Retained/index
6
*********************************
*********************************
Time:2017-11-20 14:04:25
IP:127.0.0.1
Url:http://www.test.com/jy_script/Retained/index
6
*********************************
*********************************
Time:2017-11-20 14:04:25
IP:127.0.0.1
Url:http://www.test.com/jy_script/Retained/index
6
*********************************
*********************************
Time:2017-11-20 14:04:25
IP:127.0.0.1
Url:http://www.test.com/jy_script/Retained/index
6
*********************************
*********************************
Time:2017-11-20 14:04:25
IP:127.0.0.1
Url:http://www.test.com/jy_script/Retained/index
6
*********************************
*********************************
Time:2017-11-20 14:04:25
IP:127.0.0.1
Url:http://www.test.com/jy_script/Retained/index
6
*********************************
*********************************
Time:2017-11-20 14:04:25
IP:127.0.0.1
Url:http://www.test.com/jy_script/Retained/index
6
*********************************
*********************************
Time:2017-11-20 14:04:25
IP:127.0.0.1
Url:http://www.test.com/jy_script/Retained/index
6
*********************************
*********************************
Time:2017-11-20 14:04:25
IP:127.0.0.1
Url:http://www.test.com/jy_script/Retained/index
6
*********************************
*********************************
Time:2017-11-20 14:04:25
IP:127.0.0.1
Url:http://www.test.com/jy_script/Retained/index
6
*********************************
*********************************
Time:2017-11-20 14:04:25
IP:127.0.0.1
Url:http://www.test.com/jy_script/Retained/index
6
*********************************
*********************************
Time:2017-11-20 14:04:25
IP:127.0.0.1
Url:http://www.test.com/jy_script/Retained/index
6
*********************************
*********************************
Time:2017-11-20 14:04:26
IP:127.0.0.1
Url:http://www.test.com/jy_script/Retained/index
6
*********************************
*********************************
Time:2017-11-20 14:04:26
IP:127.0.0.1
Url:http://www.test.com/jy_script/Retained/index
6
*********************************
*********************************
Time:2017-11-20 14:04:26
IP:127.0.0.1
Url:http://www.test.com/jy_script/Retained/index
6
*********************************
*********************************
Time:2017-11-20 14:04:26
IP:127.0.0.1
Url:http://www.test.com/jy_script/Retained/index
6
*********************************
*********************************
Time:2017-11-20 14:04:26
IP:127.0.0.1
Url:http://www.test.com/jy_script/Retained/index
6
*********************************
*********************************
Time:2017-11-20 14:04:26
IP:127.0.0.1
Url:http://www.test.com/jy_script/Retained/index
6
*********************************
*********************************
Time:2017-11-20 14:04:26
IP:127.0.0.1
Url:http://www.test.com/jy_script/Retained/index
6
*********************************
*********************************
Time:2017-11-20 14:04:27
IP:127.0.0.1
Url:http://www.test.com/jy_script/Retained/index
6
*********************************
*********************************
Time:2017-11-20 14:04:27
IP:127.0.0.1
Url:http://www.test.com/jy_script/Retained/index
6
*********************************
*********************************
Time:2017-11-20 14:04:27
IP:127.0.0.1
Url:http://www.test.com/jy_script/Retained/index
6
*********************************
*********************************
Time:2017-11-20 14:04:27
IP:127.0.0.1
Url:http://www.test.com/jy_script/Retained/index
6
*********************************
*********************************
Time:2017-11-20 14:04:27
IP:127.0.0.1
Url:http://www.test.com/jy_script/Retained/index
6
*********************************
*********************************
Time:2017-11-20 14:04:27
IP:127.0.0.1
Url:http://www.test.com/jy_script/Retained/index
6
*********************************
*********************************
Time:2017-11-20 14:04:27
IP:127.0.0.1
Url:http://www.test.com/jy_script/Retained/index
6
*********************************
*********************************
Time:2017-11-20 14:04:27
IP:127.0.0.1
Url:http://www.test.com/jy_script/Retained/index
6
*********************************
*********************************
Time:2017-11-20 14:04:27
IP:127.0.0.1
Url:http://www.test.com/jy_script/Retained/index
6
*********************************
*********************************
Time:2017-11-20 14:04:27
IP:127.0.0.1
Url:http://www.test.com/jy_script/Retained/index
6
*********************************
*********************************
Time:2017-11-20 14:04:27
IP:127.0.0.1
Url:http://www.test.com/jy_script/Retained/index
6
*********************************
*********************************
Time:2017-11-20 14:04:28
IP:127.0.0.1
Url:http://www.test.com/jy_script/Retained/index
6
*********************************
*********************************
Time:2017-11-20 14:04:28
IP:127.0.0.1
Url:http://www.test.com/jy_script/Retained/index
6
*********************************
*********************************
Time:2017-11-20 14:04:28
IP:127.0.0.1
Url:http://www.test.com/jy_script/Retained/index
6
*********************************
*********************************
Time:2017-11-20 14:04:28
IP:127.0.0.1
Url:http://www.test.com/jy_script/Retained/index
6
*********************************
*********************************
Time:2017-11-20 14:04:28
IP:127.0.0.1
Url:http://www.test.com/jy_script/Retained/index
6
*********************************
*********************************
Time:2017-11-20 15:38:12
IP:127.0.0.1
Url:http://www.test.com/jy_Test/Retained/index
6
*********************************
*********************************
Time:2017-11-20 15:38:12
IP:127.0.0.1
Url:http://www.test.com/jy_Test/Retained/index
6
*********************************
*********************************
Time:2017-11-20 15:38:12
IP:127.0.0.1
Url:http://www.test.com/jy_Test/Retained/index
6
*********************************
*********************************
Time:2017-11-20 15:38:12
IP:127.0.0.1
Url:http://www.test.com/jy_Test/Retained/index
6
*********************************
*********************************
Time:2017-11-20 15:38:12
IP:127.0.0.1
Url:http://www.test.com/jy_Test/Retained/index
6
*********************************
*********************************
Time:2017-11-20 15:38:12
IP:127.0.0.1
Url:http://www.test.com/jy_Test/Retained/index
6
*********************************
*********************************
Time:2017-11-20 15:38:13
IP:127.0.0.1
Url:http://www.test.com/jy_Test/Retained/index
6
*********************************
*********************************
Time:2017-11-20 15:38:13
IP:127.0.0.1
Url:http://www.test.com/jy_Test/Retained/index
6
*********************************
*********************************
Time:2017-11-20 15:38:13
IP:127.0.0.1
Url:http://www.test.com/jy_Test/Retained/index
6
*********************************
*********************************
Time:2017-11-20 15:38:13
IP:127.0.0.1
Url:http://www.test.com/jy_Test/Retained/index
6
*********************************
*********************************
Time:2017-11-20 15:38:13
IP:127.0.0.1
Url:http://www.test.com/jy_Test/Retained/index
6
*********************************
*********************************
Time:2017-11-20 15:38:13
IP:127.0.0.1
Url:http://www.test.com/jy_Test/Retained/index
6
*********************************
*********************************
Time:2017-11-20 15:38:13
IP:127.0.0.1
Url:http://www.test.com/jy_Test/Retained/index
6
*********************************
*********************************
Time:2017-11-20 15:38:13
IP:127.0.0.1
Url:http://www.test.com/jy_Test/Retained/index
6
*********************************
*********************************
Time:2017-11-20 15:38:13
IP:127.0.0.1
Url:http://www.test.com/jy_Test/Retained/index
6
*********************************
*********************************
Time:2017-11-20 15:38:14
IP:127.0.0.1
Url:http://www.test.com/jy_Test/Retained/index
6
*********************************
*********************************
Time:2017-11-20 15:38:14
IP:127.0.0.1
Url:http://www.test.com/jy_Test/Retained/index
6
*********************************
*********************************
Time:2017-11-20 15:38:14
IP:127.0.0.1
Url:http://www.test.com/jy_Test/Retained/index
6
*********************************
*********************************
Time:2017-11-20 15:38:14
IP:127.0.0.1
Url:http://www.test.com/jy_Test/Retained/index
6
*********************************
*********************************
Time:2017-11-20 15:38:14
IP:127.0.0.1
Url:http://www.test.com/jy_Test/Retained/index
6
*********************************
*********************************
Time:2017-11-20 15:38:14
IP:127.0.0.1
Url:http://www.test.com/jy_Test/Retained/index
6
*********************************
*********************************
Time:2017-11-20 15:38:14
IP:127.0.0.1
Url:http://www.test.com/jy_Test/Retained/index
6
*********************************
*********************************
Time:2017-11-20 15:38:14
IP:127.0.0.1
Url:http://www.test.com/jy_Test/Retained/index
6
*********************************
*********************************
Time:2017-11-20 15:38:15
IP:127.0.0.1
Url:http://www.test.com/jy_Test/Retained/index
6
*********************************
*********************************
Time:2017-11-20 15:38:15
IP:127.0.0.1
Url:http://www.test.com/jy_Test/Retained/index
6
*********************************
*********************************
Time:2017-11-20 15:38:15
IP:127.0.0.1
Url:http://www.test.com/jy_Test/Retained/index
6
*********************************
*********************************
Time:2017-11-20 15:38:15
IP:127.0.0.1
Url:http://www.test.com/jy_Test/Retained/index
6
*********************************
*********************************
Time:2017-11-20 15:38:15
IP:127.0.0.1
Url:http://www.test.com/jy_Test/Retained/index
6
*********************************
*********************************
Time:2017-11-20 15:38:15
IP:127.0.0.1
Url:http://www.test.com/jy_Test/Retained/index
6
*********************************
*********************************
Time:2017-11-20 15:38:15
IP:127.0.0.1
Url:http://www.test.com/jy_Test/Retained/index
6
*********************************
*********************************
Time:2017-11-20 15:38:15
IP:127.0.0.1
Url:http://www.test.com/jy_Test/Retained/index
6
*********************************
*********************************
Time:2017-11-20 15:38:15
IP:127.0.0.1
Url:http://www.test.com/jy_Test/Retained/index
6
*********************************
*********************************
Time:2017-11-20 15:38:16
IP:127.0.0.1
Url:http://www.test.com/jy_Test/Retained/index
6
*********************************
*********************************
Time:2017-11-20 15:38:16
IP:127.0.0.1
Url:http://www.test.com/jy_Test/Retained/index
6
*********************************
*********************************
Time:2017-11-20 15:38:16
IP:127.0.0.1
Url:http://www.test.com/jy_Test/Retained/index
6
*********************************
*********************************
Time:2017-11-20 15:38:16
IP:127.0.0.1
Url:http://www.test.com/jy_Test/Retained/index
6
*********************************
*********************************
Time:2017-11-20 15:38:16
IP:127.0.0.1
Url:http://www.test.com/jy_Test/Retained/index
6
*********************************
*********************************
Time:2017-11-20 15:38:16
IP:127.0.0.1
Url:http://www.test.com/jy_Test/Retained/index
6
*********************************
*********************************
Time:2017-11-20 15:38:16
IP:127.0.0.1
Url:http://www.test.com/jy_Test/Retained/index
6
*********************************
*********************************
Time:2017-11-20 15:38:17
IP:127.0.0.1
Url:http://www.test.com/jy_Test/Retained/index
6
*********************************
*********************************
Time:2017-11-20 15:38:17
IP:127.0.0.1
Url:http://www.test.com/jy_Test/Retained/index
6
*********************************
*********************************
Time:2017-11-20 15:38:17
IP:127.0.0.1
Url:http://www.test.com/jy_Test/Retained/index
6
*********************************
*********************************
Time:2017-11-20 15:38:17
IP:127.0.0.1
Url:http://www.test.com/jy_Test/Retained/index
6
*********************************
*********************************
Time:2017-11-20 15:38:17
IP:127.0.0.1
Url:http://www.test.com/jy_Test/Retained/index
6
*********************************
*********************************
Time:2017-11-20 15:38:17
IP:127.0.0.1
Url:http://www.test.com/jy_Test/Retained/index
6
*********************************
*********************************
Time:2017-11-20 15:38:17
IP:127.0.0.1
Url:http://www.test.com/jy_Test/Retained/index
6
*********************************
*********************************
Time:2017-11-20 15:38:17
IP:127.0.0.1
Url:http://www.test.com/jy_Test/Retained/index
6
*********************************
*********************************
Time:2017-11-20 15:38:17
IP:127.0.0.1
Url:http://www.test.com/jy_Test/Retained/index
6
*********************************
*********************************
Time:2017-11-20 15:38:17
IP:127.0.0.1
Url:http://www.test.com/jy_Test/Retained/index
6
*********************************
*********************************
Time:2017-11-20 15:38:18
IP:127.0.0.1
Url:http://www.test.com/jy_Test/Retained/index
6
*********************************
*********************************
Time:2017-11-20 17:15:43
IP:127.0.0.1
Url:http://www.test.com/jy_script/Retained/index
6
*********************************
*********************************
Time:2017-11-20 17:16:56
IP:127.0.0.1
Url:http://www.test.com/jy_script/Retained/index
6
*********************************
*********************************
Time:2017-11-20 17:17:06
IP:127.0.0.1
Url:http://www.test.com/Jy_Test/Retained/index
6
*********************************
*********************************
Time:2017-11-20 17:17:06
IP:127.0.0.1
Url:http://www.test.com/Jy_Test/Retained/index
6
*********************************
*********************************
Time:2017-11-20 17:17:06
IP:127.0.0.1
Url:http://www.test.com/Jy_Test/Retained/index
6
*********************************
*********************************
Time:2017-11-20 17:17:06
IP:127.0.0.1
Url:http://www.test.com/Jy_Test/Retained/index
6
*********************************
*********************************
Time:2017-11-20 17:17:06
IP:127.0.0.1
Url:http://www.test.com/Jy_Test/Retained/index
6
*********************************
*********************************
Time:2017-11-20 17:17:06
IP:127.0.0.1
Url:http://www.test.com/Jy_Test/Retained/index
6
*********************************
*********************************
Time:2017-11-20 17:17:06
IP:127.0.0.1
Url:http://www.test.com/Jy_Test/Retained/index
6
*********************************
*********************************
Time:2017-11-20 17:17:06
IP:127.0.0.1
Url:http://www.test.com/Jy_Test/Retained/index
6
*********************************
*********************************
Time:2017-11-20 17:17:07
IP:127.0.0.1
Url:http://www.test.com/Jy_Test/Retained/index
6
*********************************
*********************************
Time:2017-11-20 17:17:07
IP:127.0.0.1
Url:http://www.test.com/Jy_Test/Retained/index
6
*********************************
*********************************
Time:2017-11-20 17:17:07
IP:127.0.0.1
Url:http://www.test.com/Jy_Test/Retained/index
6
*********************************
*********************************
Time:2017-11-20 17:17:07
IP:127.0.0.1
Url:http://www.test.com/Jy_Test/Retained/index
6
*********************************
*********************************
Time:2017-11-20 17:17:07
IP:127.0.0.1
Url:http://www.test.com/Jy_Test/Retained/index
6
*********************************
*********************************
Time:2017-11-20 17:17:07
IP:127.0.0.1
Url:http://www.test.com/Jy_Test/Retained/index
6
*********************************
*********************************
Time:2017-11-20 17:17:07
IP:127.0.0.1
Url:http://www.test.com/Jy_Test/Retained/index
6
*********************************
*********************************
Time:2017-11-20 17:17:07
IP:127.0.0.1
Url:http://www.test.com/Jy_Test/Retained/index
6
*********************************
*********************************
Time:2017-11-20 17:17:07
IP:127.0.0.1
Url:http://www.test.com/Jy_Test/Retained/index
6
*********************************
*********************************
Time:2017-11-20 17:17:07
IP:127.0.0.1
Url:http://www.test.com/Jy_Test/Retained/index
6
*********************************
*********************************
Time:2017-11-20 17:17:07
IP:127.0.0.1
Url:http://www.test.com/Jy_Test/Retained/index
6
*********************************
*********************************
Time:2017-11-20 17:17:07
IP:127.0.0.1
Url:http://www.test.com/Jy_Test/Retained/index
6
*********************************
*********************************
Time:2017-11-20 17:17:07
IP:127.0.0.1
Url:http://www.test.com/Jy_Test/Retained/index
6
*********************************
*********************************
Time:2017-11-20 17:17:08
IP:127.0.0.1
Url:http://www.test.com/Jy_Test/Retained/index
6
*********************************
*********************************
Time:2017-11-20 17:17:08
IP:127.0.0.1
Url:http://www.test.com/Jy_Test/Retained/index
6
*********************************
*********************************
Time:2017-11-20 17:17:08
IP:127.0.0.1
Url:http://www.test.com/Jy_Test/Retained/index
6
*********************************
*********************************
Time:2017-11-20 17:17:08
IP:127.0.0.1
Url:http://www.test.com/Jy_Test/Retained/index
6
*********************************
*********************************
Time:2017-11-20 17:17:08
IP:127.0.0.1
Url:http://www.test.com/Jy_Test/Retained/index
6
*********************************
*********************************
Time:2017-11-20 17:17:08
IP:127.0.0.1
Url:http://www.test.com/Jy_Test/Retained/index
6
*********************************
*********************************
Time:2017-11-20 17:17:08
IP:127.0.0.1
Url:http://www.test.com/Jy_Test/Retained/index
6
*********************************
*********************************
Time:2017-11-20 17:17:08
IP:127.0.0.1
Url:http://www.test.com/Jy_Test/Retained/index
6
*********************************
*********************************
Time:2017-11-20 17:17:08
IP:127.0.0.1
Url:http://www.test.com/Jy_Test/Retained/index
6
*********************************
*********************************
Time:2017-11-20 17:17:08
IP:127.0.0.1
Url:http://www.test.com/Jy_Test/Retained/index
6
*********************************
*********************************
Time:2017-11-20 17:17:09
IP:127.0.0.1
Url:http://www.test.com/Jy_Test/Retained/index
6
*********************************
*********************************
Time:2017-11-20 17:17:09
IP:127.0.0.1
Url:http://www.test.com/Jy_Test/Retained/index
6
*********************************
*********************************
Time:2017-11-20 17:17:09
IP:127.0.0.1
Url:http://www.test.com/Jy_Test/Retained/index
6
*********************************
*********************************
Time:2017-11-20 17:17:09
IP:127.0.0.1
Url:http://www.test.com/Jy_Test/Retained/index
6
*********************************
*********************************
Time:2017-11-20 17:17:09
IP:127.0.0.1
Url:http://www.test.com/Jy_Test/Retained/index
6
*********************************
*********************************
Time:2017-11-20 17:17:09
IP:127.0.0.1
Url:http://www.test.com/Jy_Test/Retained/index
6
*********************************
*********************************
Time:2017-11-20 17:17:09
IP:127.0.0.1
Url:http://www.test.com/Jy_Test/Retained/index
6
*********************************
*********************************
Time:2017-11-20 17:17:09
IP:127.0.0.1
Url:http://www.test.com/Jy_Test/Retained/index
6
*********************************
*********************************
Time:2017-11-20 17:17:09
IP:127.0.0.1
Url:http://www.test.com/Jy_Test/Retained/index
6
*********************************
*********************************
Time:2017-11-20 17:17:09
IP:127.0.0.1
Url:http://www.test.com/Jy_Test/Retained/index
6
*********************************
*********************************
Time:2017-11-20 17:17:09
IP:127.0.0.1
Url:http://www.test.com/Jy_Test/Retained/index
6
*********************************
*********************************
Time:2017-11-20 17:17:10
IP:127.0.0.1
Url:http://www.test.com/Jy_Test/Retained/index
6
*********************************
*********************************
Time:2017-11-20 17:17:10
IP:127.0.0.1
Url:http://www.test.com/Jy_Test/Retained/index
6
*********************************
*********************************
Time:2017-11-20 17:17:10
IP:127.0.0.1
Url:http://www.test.com/Jy_Test/Retained/index
6
*********************************
*********************************
Time:2017-11-20 17:17:10
IP:127.0.0.1
Url:http://www.test.com/Jy_Test/Retained/index
6
*********************************
*********************************
Time:2017-11-20 17:17:10
IP:127.0.0.1
Url:http://www.test.com/Jy_Test/Retained/index
6
*********************************
*********************************
Time:2017-11-20 17:17:10
IP:127.0.0.1
Url:http://www.test.com/Jy_Test/Retained/index
6
*********************************
*********************************
Time:2017-11-20 17:17:10
IP:127.0.0.1
Url:http://www.test.com/Jy_Test/Retained/index
6
*********************************
*********************************
Time:2017-11-20 17:17:10
IP:127.0.0.1
Url:http://www.test.com/Jy_Test/Retained/index
6
*********************************
*********************************
Time:2017-11-20 17:18:50
IP:127.0.0.1
Url:http://www.test.com/jy_script/Retained/index
6
*********************************
*********************************
Time:2017-11-20 17:45:54
IP:127.0.0.1
Url:http://www.test.com/jy_Test/Retained/index
6
*********************************
*********************************
Time:2017-11-20 17:45:55
IP:127.0.0.1
Url:http://www.test.com/jy_Test/Retained/index
6
*********************************
*********************************
Time:2017-11-20 17:45:55
IP:127.0.0.1
Url:http://www.test.com/jy_Test/Retained/index
6
*********************************
*********************************
Time:2017-11-20 17:45:55
IP:127.0.0.1
Url:http://www.test.com/jy_Test/Retained/index
6
*********************************
*********************************
Time:2017-11-20 17:45:55
IP:127.0.0.1
Url:http://www.test.com/jy_Test/Retained/index
6
*********************************
*********************************
Time:2017-11-20 17:45:55
IP:127.0.0.1
Url:http://www.test.com/jy_Test/Retained/index
6
*********************************
*********************************
Time:2017-11-20 17:45:55
IP:127.0.0.1
Url:http://www.test.com/jy_Test/Retained/index
6
*********************************
*********************************
Time:2017-11-20 17:45:55
IP:127.0.0.1
Url:http://www.test.com/jy_Test/Retained/index
6
*********************************
*********************************
Time:2017-11-20 17:45:55
IP:127.0.0.1
Url:http://www.test.com/jy_Test/Retained/index
6
*********************************
*********************************
Time:2017-11-20 17:45:56
IP:127.0.0.1
Url:http://www.test.com/jy_Test/Retained/index
6
*********************************
*********************************
Time:2017-11-20 17:45:56
IP:127.0.0.1
Url:http://www.test.com/jy_Test/Retained/index
6
*********************************
*********************************
Time:2017-11-20 17:45:56
IP:127.0.0.1
Url:http://www.test.com/jy_Test/Retained/index
6
*********************************
*********************************
Time:2017-11-20 17:45:56
IP:127.0.0.1
Url:http://www.test.com/jy_Test/Retained/index
6
*********************************
*********************************
Time:2017-11-20 17:45:56
IP:127.0.0.1
Url:http://www.test.com/jy_Test/Retained/index
6
*********************************
*********************************
Time:2017-11-20 17:45:56
IP:127.0.0.1
Url:http://www.test.com/jy_Test/Retained/index
6
*********************************
*********************************
Time:2017-11-20 17:45:56
IP:127.0.0.1
Url:http://www.test.com/jy_Test/Retained/index
6
*********************************
*********************************
Time:2017-11-20 17:45:56
IP:127.0.0.1
Url:http://www.test.com/jy_Test/Retained/index
6
*********************************
*********************************
Time:2017-11-20 17:45:56
IP:127.0.0.1
Url:http://www.test.com/jy_Test/Retained/index
6
*********************************
*********************************
Time:2017-11-20 17:45:57
IP:127.0.0.1
Url:http://www.test.com/jy_Test/Retained/index
6
*********************************
*********************************
Time:2017-11-20 17:45:57
IP:127.0.0.1
Url:http://www.test.com/jy_Test/Retained/index
6
*********************************
*********************************
Time:2017-11-20 17:45:57
IP:127.0.0.1
Url:http://www.test.com/jy_Test/Retained/index
6
*********************************
*********************************
Time:2017-11-20 17:45:57
IP:127.0.0.1
Url:http://www.test.com/jy_Test/Retained/index
6
*********************************
*********************************
Time:2017-11-20 17:45:57
IP:127.0.0.1
Url:http://www.test.com/jy_Test/Retained/index
6
*********************************
*********************************
Time:2017-11-20 17:45:57
IP:127.0.0.1
Url:http://www.test.com/jy_Test/Retained/index
6
*********************************
*********************************
Time:2017-11-20 17:45:57
IP:127.0.0.1
Url:http://www.test.com/jy_Test/Retained/index
6
*********************************
*********************************
Time:2017-11-20 17:45:57
IP:127.0.0.1
Url:http://www.test.com/jy_Test/Retained/index
6
*********************************
*********************************
Time:2017-11-20 17:45:58
IP:127.0.0.1
Url:http://www.test.com/jy_Test/Retained/index
6
*********************************
*********************************
Time:2017-11-20 17:45:58
IP:127.0.0.1
Url:http://www.test.com/jy_Test/Retained/index
6
*********************************
*********************************
Time:2017-11-20 17:45:58
IP:127.0.0.1
Url:http://www.test.com/jy_Test/Retained/index
6
*********************************
*********************************
Time:2017-11-20 17:45:58
IP:127.0.0.1
Url:http://www.test.com/jy_Test/Retained/index
6
*********************************
*********************************
Time:2017-11-20 17:45:58
IP:127.0.0.1
Url:http://www.test.com/jy_Test/Retained/index
6
*********************************
*********************************
Time:2017-11-20 17:45:58
IP:127.0.0.1
Url:http://www.test.com/jy_Test/Retained/index
6
*********************************
*********************************
Time:2017-11-20 17:45:58
IP:127.0.0.1
Url:http://www.test.com/jy_Test/Retained/index
6
*********************************
*********************************
Time:2017-11-20 17:45:59
IP:127.0.0.1
Url:http://www.test.com/jy_Test/Retained/index
6
*********************************
*********************************
Time:2017-11-20 17:45:59
IP:127.0.0.1
Url:http://www.test.com/jy_Test/Retained/index
6
*********************************
*********************************
Time:2017-11-20 17:45:59
IP:127.0.0.1
Url:http://www.test.com/jy_Test/Retained/index
6
*********************************
*********************************
Time:2017-11-20 17:45:59
IP:127.0.0.1
Url:http://www.test.com/jy_Test/Retained/index
6
*********************************
*********************************
Time:2017-11-20 17:45:59
IP:127.0.0.1
Url:http://www.test.com/jy_Test/Retained/index
6
*********************************
*********************************
Time:2017-11-20 17:45:59
IP:127.0.0.1
Url:http://www.test.com/jy_Test/Retained/index
6
*********************************
*********************************
Time:2017-11-20 17:46:00
IP:127.0.0.1
Url:http://www.test.com/jy_Test/Retained/index
6
*********************************
*********************************
Time:2017-11-20 17:46:00
IP:127.0.0.1
Url:http://www.test.com/jy_Test/Retained/index
6
*********************************
*********************************
Time:2017-11-20 17:46:00
IP:127.0.0.1
Url:http://www.test.com/jy_Test/Retained/index
6
*********************************
*********************************
Time:2017-11-20 17:46:00
IP:127.0.0.1
Url:http://www.test.com/jy_Test/Retained/index
6
*********************************
*********************************
Time:2017-11-20 17:46:00
IP:127.0.0.1
Url:http://www.test.com/jy_Test/Retained/index
6
*********************************
*********************************
Time:2017-11-20 17:46:00
IP:127.0.0.1
Url:http://www.test.com/jy_Test/Retained/index
6
*********************************
*********************************
Time:2017-11-20 17:46:00
IP:127.0.0.1
Url:http://www.test.com/jy_Test/Retained/index
6
*********************************
*********************************
Time:2017-11-20 17:46:00
IP:127.0.0.1
Url:http://www.test.com/jy_Test/Retained/index
6
*********************************
*********************************
Time:2017-11-20 17:46:00
IP:127.0.0.1
Url:http://www.test.com/jy_Test/Retained/index
6
*********************************
*********************************
Time:2017-11-20 17:46:00
IP:127.0.0.1
Url:http://www.test.com/jy_Test/Retained/index
6
*********************************
*********************************
Time:2017-11-20 17:46:01
IP:127.0.0.1
Url:http://www.test.com/jy_Test/Retained/index
6
*********************************
